<?xml version="1.0" encoding="UTF-8"?>
<!-- Generated by org.testng.reporters.JUnitReportReporter -->
<testsuite skipped="0" hostname="Mario" name="pack.TestRunner" tests="2" failures="0" timestamp="15 Mar 2018 17:28:41 GMT" time="45.176" errors="0">
  <testcase name="feature" time="24.049" classname="pack.TestRunner"/>
  <testcase name="feature" time="21.127" classname="pack.TestRunner"/>
</testsuite> <!-- pack.TestRunner -->
