<?xml version="1.0" encoding="UTF-8"?>
<!-- Generated by org.testng.reporters.JUnitReportReporter -->
<testsuite skipped="0" hostname="Mario" name="pack.TestRunner" tests="1" failures="0" timestamp="11 Apr 2018 18:07:41 GMT" time="39.488" errors="0">
  <testcase name="feature" time="39.488" classname="pack.TestRunner"/>
</testsuite> <!-- pack.TestRunner -->
