<?xml version="1.0" encoding="UTF-8"?>
<!-- Generated by org.testng.reporters.JUnitReportReporter -->
<testsuite skipped="0" hostname="Mario" name="pack.NewTest" tests="2" failures="0" timestamp="03 Aug 2018 21:16:55 GMT" time="0.006" errors="0">
  <testcase name="first" time="0.006" classname="pack.NewTest"/>
  <testcase name="second" time="0.000" classname="pack.NewTest"/>
</testsuite> <!-- pack.NewTest -->
