<?xml version="1.0" encoding="UTF-8"?>
<!-- Generated by org.testng.reporters.JUnitReportReporter -->
<testsuite skipped="0" hostname="Mario" name="pack.TestRunner" tests="1" failures="0" timestamp="12 Apr 2018 15:12:07 GMT" time="50.393" errors="0">
  <testcase name="feature" time="50.393" classname="pack.TestRunner"/>
</testsuite> <!-- pack.TestRunner -->
