<?xml version="1.0" encoding="UTF-8"?>
<!-- Generated by org.testng.reporters.JUnitReportReporter -->
<testsuite skipped="0" hostname="Mario" name="pack.TestRunner" tests="1" failures="0" timestamp="27 Mar 2018 19:47:03 GMT" time="20.850" errors="0">
  <testcase name="feature" time="20.850" classname="pack.TestRunner"/>
</testsuite> <!-- pack.TestRunner -->
