<?xml version="1.0" encoding="UTF-8"?>
<!-- Generated by org.testng.reporters.JUnitReportReporter -->
<testsuite skipped="0" hostname="Mario" name="pack.TestRunner" tests="1" failures="0" timestamp="12 Jul 2018 10:59:03 GMT" time="22.380" errors="0">
  <testcase name="feature" time="22.380" classname="pack.TestRunner"/>
</testsuite> <!-- pack.TestRunner -->
