<?xml version="1.0" encoding="UTF-8"?>
<!-- Generated by org.testng.reporters.JUnitReportReporter -->
<testsuite skipped="0" hostname="Mario" name="pack.TestRunner" tests="5" failures="0" timestamp="18 Mar 2018 18:23:01 GMT" time="104.455" errors="0">
  <testcase name="feature" time="24.931" classname="pack.TestRunner"/>
  <testcase name="feature" time="19.198" classname="pack.TestRunner"/>
  <testcase name="feature" time="21.260" classname="pack.TestRunner"/>
  <testcase name="feature" time="20.991" classname="pack.TestRunner"/>
  <testcase name="feature" time="18.075" classname="pack.TestRunner"/>
</testsuite> <!-- pack.TestRunner -->
