<?xml version="1.0" encoding="UTF-8"?>
<!-- Generated by org.testng.reporters.JUnitReportReporter -->
<testsuite skipped="0" hostname="Mario" name="pack.TestRunner" tests="1" failures="0" timestamp="19 Apr 2018 15:50:31 GMT" time="33.049" errors="0">
  <testcase name="feature" time="33.049" classname="pack.TestRunner"/>
</testsuite> <!-- pack.TestRunner -->
