<?xml version="1.0" encoding="UTF-8"?>
<!-- Generated by org.testng.reporters.JUnitReportReporter -->
<testsuite skipped="0" hostname="Mario" name="pack.TestRunner" tests="1" failures="0" timestamp="07 Mar 2018 14:57:47 GMT" time="15.549" errors="0">
  <testcase name="feature" time="15.549" classname="pack.TestRunner"/>
</testsuite> <!-- pack.TestRunner -->
