<?xml version="1.0" encoding="UTF-8"?>
<!-- Generated by org.testng.reporters.JUnitReportReporter -->
<testsuite skipped="0" hostname="Mario" name="pack.TestRunner" tests="1" failures="0" timestamp="12 Jul 2018 16:42:39 GMT" time="20.512" errors="0">
  <testcase name="feature" time="20.512" classname="pack.TestRunner"/>
</testsuite> <!-- pack.TestRunner -->
